======================================================================
Edge Case Handler — Sprint 2 Day 13
DB  : /Users/prabhjotkaur/Desktop/nifty100_capstone/db/nifty100.db
Log : /Users/prabhjotkaur/Desktop/nifty100_capstone/output/ratio_edge_cases.log
======================================================================
[DATA_SOURCE_ISSUE]  ts=2026-06-27 16:32:46  company=AXISBANK  year=2013  field=opm_percentage  computed=30.58%  source=1353.0 (absolute Cr in source)  note=Financials sector: source stores OPM as absolute operating profit in Cr, not as a percentage.  Computed value uses standard formula (OP/Sales × 100).
[DATA_SOURCE_ISSUE]  ts=2026-06-27 16:32:46  company=AXISBANK  year=2014  field=opm_percentage  computed=31.47%  source=2307.0 (absolute Cr in source)  note=Financials sector: source stores OPM as absolute operating profit in Cr, not as a percentage.  Computed value uses standard formula (OP/Sales × 100).
[DATA_SOURCE_ISSUE]  ts=2026-06-27 16:32:46  company=AXISBANK  year=2015  field=opm_percentage  computed=31.36%  source=3097.0 (absolute Cr in source)  note=Financials sector: source stores OPM as absolute operating profit in Cr, not as a percentage.  Computed value uses standard formula (OP/Sales × 100).
[DATA_SOURCE_ISSUE]  ts=2026-06-27 16:32:46  company=AXISBANK  year=2016  field=opm_percentage  computed=32.61%  source=3466.0 (absolute Cr in source)  note=Financials sector: source stores OPM as absolute operating profit in Cr, not as a percentage.  Computed value uses standard formula (OP/Sales × 100).
[DATA_SOURCE_ISSUE]  ts=2026-06-27 16:32:46  company=AXISBANK  year=2017  field=opm_percentage  computed=53.45%  source=-5715.0 (absolute Cr in source)  note=Financials sector: source stores OPM as absolute operating profit in Cr, not as a percentage.  Computed value uses standard formula (OP/Sales × 100).
[DATA_SOURCE_ISSUE]  ts=2026-06-27 16:32:46  company=AXISBANK  year=2018  field=opm_percentage  computed=63.12%  source=-10277.0 (absolute Cr in source)  note=Financials sector: source stores OPM as absolute operating profit in Cr, not as a percentage.  Computed value uses standard formula (OP/Sales × 100).
[DATA_SOURCE_ISSUE]  ts=2026-06-27 16:32:46  company=AXISBANK  year=2019  field=opm_percentage  computed=49.39%  source=-5447.0 (absolute Cr in source)  note=Financials sector: source stores OPM as absolute operating profit in Cr, not as a percentage.  Computed value uses standard formula (OP/Sales × 100).
[DATA_SOURCE_ISSUE]  ts=2026-06-27 16:32:46  company=AXISBANK  year=2020  field=opm_percentage  computed=55.98%  source=-9859.0 (absolute Cr in source)  note=Financials sector: source stores OPM as absolute operating profit in Cr, not as a percentage.  Computed value uses standard formula (OP/Sales × 100).
[DATA_SOURCE_ISSUE]  ts=2026-06-27 16:32:46  company=AXISBANK  year=2021  field=opm_percentage  computed=50.12%  source=-2510.0 (absolute Cr in source)  note=Financials sector: source stores OPM as absolute operating profit in Cr, not as a percentage.  Computed value uses standard formula (OP/Sales × 100).
[DATA_SOURCE_ISSUE]  ts=2026-06-27 16:32:46  company=AXISBANK  year=2022  field=opm_percentage  computed=44.47%  source=3170.0 (absolute Cr in source)  note=Financials sector: source stores OPM as absolute operating profit in Cr, not as a percentage.  Computed value uses standard formula (OP/Sales × 100).
[DATA_SOURCE_ISSUE]  ts=2026-06-27 16:32:46  company=AXISBANK  year=2023  field=opm_percentage  computed=34.16%  source=13857.0 (absolute Cr in source)  note=Financials sector: source stores OPM as absolute operating profit in Cr, not as a percentage.  Computed value uses standard formula (OP/Sales × 100).
[DATA_SOURCE_ISSUE]  ts=2026-06-27 16:32:46  company=AXISBANK  year=2024  field=opm_percentage  computed=34.69%  source=11952.0 (absolute Cr in source)  note=Financials sector: source stores OPM as absolute operating profit in Cr, not as a percentage.  Computed value uses standard formula (OP/Sales × 100).
[DATA_SOURCE_ISSUE]  ts=2026-06-27 16:32:46  company=BAJFINANCE  year=2015  field=opm_percentage  computed=32.49%  source=1367.0 (absolute Cr in source)  note=Financials sector: source stores OPM as absolute operating profit in Cr, not as a percentage.  Computed value uses standard formula (OP/Sales × 100).
[DATA_SOURCE_ISSUE]  ts=2026-06-27 16:32:46  company=BAJFINANCE  year=2016  field=opm_percentage  computed=32.25%  source=1986.0 (absolute Cr in source)  note=Financials sector: source stores OPM as absolute operating profit in Cr, not as a percentage.  Computed value uses standard formula (OP/Sales × 100).
[DATA_SOURCE_ISSUE]  ts=2026-06-27 16:32:46  company=BAJFINANCE  year=2017  field=opm_percentage  computed=32.60%  source=2867.0 (absolute Cr in source)  note=Financials sector: source stores OPM as absolute operating profit in Cr, not as a percentage.  Computed value uses standard formula (OP/Sales × 100).
[DATA_SOURCE_ISSUE]  ts=2026-06-27 16:32:46  company=BAJFINANCE  year=2018  field=opm_percentage  computed=32.28%  source=3935.0 (absolute Cr in source)  note=Financials sector: source stores OPM as absolute operating profit in Cr, not as a percentage.  Computed value uses standard formula (OP/Sales × 100).
[DATA_SOURCE_ISSUE]  ts=2026-06-27 16:32:46  company=BAJFINANCE  year=2019  field=opm_percentage  computed=29.50%  source=6310.0 (absolute Cr in source)  note=Financials sector: source stores OPM as absolute operating profit in Cr, not as a percentage.  Computed value uses standard formula (OP/Sales × 100).
[DATA_SOURCE_ISSUE]  ts=2026-06-27 16:32:46  company=BAJFINANCE  year=2020  field=opm_percentage  computed=34.73%  source=7608.0 (absolute Cr in source)  note=Financials sector: source stores OPM as absolute operating profit in Cr, not as a percentage.  Computed value uses standard formula (OP/Sales × 100).
[DATA_SOURCE_ISSUE]  ts=2026-06-27 16:32:46  company=BAJFINANCE  year=2021  field=opm_percentage  computed=40.64%  source=6314.0 (absolute Cr in source)  note=Financials sector: source stores OPM as absolute operating profit in Cr, not as a percentage.  Computed value uses standard formula (OP/Sales × 100).
[DATA_SOURCE_ISSUE]  ts=2026-06-27 16:32:46  company=BAJFINANCE  year=2022  field=opm_percentage  computed=37.55%  source=9906.0 (absolute Cr in source)  note=Financials sector: source stores OPM as absolute operating profit in Cr, not as a percentage.  Computed value uses standard formula (OP/Sales × 100).
[DATA_SOURCE_ISSUE]  ts=2026-06-27 16:32:46  company=BAJFINANCE  year=2023  field=opm_percentage  computed=30.65%  source=16018.0 (absolute Cr in source)  note=Financials sector: source stores OPM as absolute operating profit in Cr, not as a percentage.  Computed value uses standard formula (OP/Sales × 100).
[DATA_SOURCE_ISSUE]  ts=2026-06-27 16:32:46  company=BAJFINANCE  year=2024  field=opm_percentage  computed=29.29%  source=19987.0 (absolute Cr in source)  note=Financials sector: source stores OPM as absolute operating profit in Cr, not as a percentage.  Computed value uses standard formula (OP/Sales × 100).
[DATA_SOURCE_ISSUE]  ts=2026-06-27 16:32:46  company=BANKBARODA  year=2013  field=opm_percentage  computed=30.05%  source=1006.0 (absolute Cr in source)  note=Financials sector: source stores OPM as absolute operating profit in Cr, not as a percentage.  Computed value uses standard formula (OP/Sales × 100).
[DATA_SOURCE_ISSUE]  ts=2026-06-27 16:32:46  company=BANKBARODA  year=2014  field=opm_percentage  computed=29.78%  source=809.0 (absolute Cr in source)  note=Financials sector: source stores OPM as absolute operating profit in Cr, not as a percentage.  Computed value uses standard formula (OP/Sales × 100).
[DATA_SOURCE_ISSUE]  ts=2026-06-27 16:32:46  company=BANKBARODA  year=2015  field=opm_percentage  computed=29.98%  source=902.0 (absolute Cr in source)  note=Financials sector: source stores OPM as absolute operating profit in Cr, not as a percentage.  Computed value uses standard formula (OP/Sales × 100).
[DATA_SOURCE_ISSUE]  ts=2026-06-27 16:32:46  company=BANKBARODA  year=2016  field=opm_percentage  computed=55.44%  source=-11700.0 (absolute Cr in source)  note=Financials sector: source stores OPM as absolute operating profit in Cr, not as a percentage.  Computed value uses standard formula (OP/Sales × 100).
[DATA_SOURCE_ISSUE]  ts=2026-06-27 16:32:46  company=BANKBARODA  year=2017  field=opm_percentage  computed=43.28%  source=-4372.0 (absolute Cr in source)  note=Financials sector: source stores OPM as absolute operating profit in Cr, not as a percentage.  Computed value uses standard formula (OP/Sales × 100).
[DATA_SOURCE_ISSUE]  ts=2026-06-27 16:32:46  company=BANKBARODA  year=2018  field=opm_percentage  computed=56.65%  source=-9197.0 (absolute Cr in source)  note=Financials sector: source stores OPM as absolute operating profit in Cr, not as a percentage.  Computed value uses standard formula (OP/Sales × 100).
[DATA_SOURCE_ISSUE]  ts=2026-06-27 16:32:46  company=BANKBARODA  year=2019  field=opm_percentage  computed=48.79%  source=-5414.0 (absolute Cr in source)  note=Financials sector: source stores OPM as absolute operating profit in Cr, not as a percentage.  Computed value uses standard formula (OP/Sales × 100).
[DATA_SOURCE_ISSUE]  ts=2026-06-27 16:32:46  company=BANKBARODA  year=2020  field=opm_percentage  computed=51.44%  source=-11728.0 (absolute Cr in source)  note=Financials sector: source stores OPM as absolute operating profit in Cr, not as a percentage.  Computed value uses standard formula (OP/Sales × 100).
[DATA_SOURCE_ISSUE]  ts=2026-06-27 16:32:46  company=BANKBARODA  year=2021  field=opm_percentage  computed=51.23%  source=-6957.0 (absolute Cr in source)  note=Financials sector: source stores OPM as absolute operating profit in Cr, not as a percentage.  Computed value uses standard formula (OP/Sales × 100).
[DATA_SOURCE_ISSUE]  ts=2026-06-27 16:32:46  company=BANKBARODA  year=2022  field=opm_percentage  computed=51.12%  source=-2948.0 (absolute Cr in source)  note=Financials sector: source stores OPM as absolute operating profit in Cr, not as a percentage.  Computed value uses standard formula (OP/Sales × 100).
[DATA_SOURCE_ISSUE]  ts=2026-06-27 16:32:46  company=BANKBARODA  year=2023  field=opm_percentage  computed=40.45%  source=6329.0 (absolute Cr in source)  note=Financials sector: source stores OPM as absolute operating profit in Cr, not as a percentage.  Computed value uses standard formula (OP/Sales × 100).
[DATA_SOURCE_ISSUE]  ts=2026-06-27 16:32:46  company=BANKBARODA  year=2024  field=opm_percentage  computed=37.49%  source=4102.0 (absolute Cr in source)  note=Financials sector: source stores OPM as absolute operating profit in Cr, not as a percentage.  Computed value uses standard formula (OP/Sales × 100).
[DATA_SOURCE_ISSUE]  ts=2026-06-27 16:32:46  company=CANBK  year=2013  field=opm_percentage  computed=21.18%  source=655.0 (absolute Cr in source)  note=Financials sector: source stores OPM as absolute operating profit in Cr, not as a percentage.  Computed value uses standard formula (OP/Sales × 100).
[DATA_SOURCE_ISSUE]  ts=2026-06-27 16:32:46  company=CANBK  year=2014  field=opm_percentage  computed=24.35%  source=-672.0 (absolute Cr in source)  note=Financials sector: source stores OPM as absolute operating profit in Cr, not as a percentage.  Computed value uses standard formula (OP/Sales × 100).
[DATA_SOURCE_ISSUE]  ts=2026-06-27 16:32:46  company=CANBK  year=2015  field=opm_percentage  computed=23.51%  source=-621.0 (absolute Cr in source)  note=Financials sector: source stores OPM as absolute operating profit in Cr, not as a percentage.  Computed value uses standard formula (OP/Sales × 100).
[DATA_SOURCE_ISSUE]  ts=2026-06-27 16:32:46  company=CANBK  year=2016  field=opm_percentage  computed=40.38%  source=-8008.0 (absolute Cr in source)  note=Financials sector: source stores OPM as absolute operating profit in Cr, not as a percentage.  Computed value uses standard formula (OP/Sales × 100).
[DATA_SOURCE_ISSUE]  ts=2026-06-27 16:32:46  company=CANBK  year=2017  field=opm_percentage  computed=37.85%  source=-5775.0 (absolute Cr in source)  note=Financials sector: source stores OPM as absolute operating profit in Cr, not as a percentage.  Computed value uses standard formula (OP/Sales × 100).
[DATA_SOURCE_ISSUE]  ts=2026-06-27 16:32:46  company=CANBK  year=2018  field=opm_percentage  computed=61.87%  source=-13350.0 (absolute Cr in source)  note=Financials sector: source stores OPM as absolute operating profit in Cr, not as a percentage.  Computed value uses standard formula (OP/Sales × 100).
[DATA_SOURCE_ISSUE]  ts=2026-06-27 16:32:46  company=CANBK  year=2019  field=opm_percentage  computed=56.73%  source=-11590.0 (absolute Cr in source)  note=Financials sector: source stores OPM as absolute operating profit in Cr, not as a percentage.  Computed value uses standard formula (OP/Sales × 100).
[DATA_SOURCE_ISSUE]  ts=2026-06-27 16:32:46  company=CANBK  year=2020  field=opm_percentage  computed=53.88%  source=-12867.0 (absolute Cr in source)  note=Financials sector: source stores OPM as absolute operating profit in Cr, not as a percentage.  Computed value uses standard formula (OP/Sales × 100).
[DATA_SOURCE_ISSUE]  ts=2026-06-27 16:32:46  company=CANBK  year=2021  field=opm_percentage  computed=61.83%  source=-18367.0 (absolute Cr in source)  note=Financials sector: source stores OPM as absolute operating profit in Cr, not as a percentage.  Computed value uses standard formula (OP/Sales × 100).
[DATA_SOURCE_ISSUE]  ts=2026-06-27 16:32:46  company=CANBK  year=2022  field=opm_percentage  computed=58.39%  source=-13657.0 (absolute Cr in source)  note=Financials sector: source stores OPM as absolute operating profit in Cr, not as a percentage.  Computed value uses standard formula (OP/Sales × 100).
[DATA_SOURCE_ISSUE]  ts=2026-06-27 16:32:46  company=CANBK  year=2023  field=opm_percentage  computed=49.80%  source=-9877.0 (absolute Cr in source)  note=Financials sector: source stores OPM as absolute operating profit in Cr, not as a percentage.  Computed value uses standard formula (OP/Sales × 100).
[DATA_SOURCE_ISSUE]  ts=2026-06-27 16:32:46  company=CANBK  year=2024  field=opm_percentage  computed=41.75%  source=-7745.0 (absolute Cr in source)  note=Financials sector: source stores OPM as absolute operating profit in Cr, not as a percentage.  Computed value uses standard formula (OP/Sales × 100).
[DATA_SOURCE_ISSUE]  ts=2026-06-27 16:32:46  company=CHOLAFIN  year=2013  field=opm_percentage  computed=26.77%  source=472.0 (absolute Cr in source)  note=Financials sector: source stores OPM as absolute operating profit in Cr, not as a percentage.  Computed value uses standard formula (OP/Sales × 100).
[DATA_SOURCE_ISSUE]  ts=2026-06-27 16:32:46  company=CHOLAFIN  year=2014  field=opm_percentage  computed=28.42%  source=578.0 (absolute Cr in source)  note=Financials sector: source stores OPM as absolute operating profit in Cr, not as a percentage.  Computed value uses standard formula (OP/Sales × 100).
[DATA_SOURCE_ISSUE]  ts=2026-06-27 16:32:46  company=CHOLAFIN  year=2015  field=opm_percentage  computed=28.56%  source=696.0 (absolute Cr in source)  note=Financials sector: source stores OPM as absolute operating profit in Cr, not as a percentage.  Computed value uses standard formula (OP/Sales × 100).
[DATA_SOURCE_ISSUE]  ts=2026-06-27 16:32:46  company=CHOLAFIN  year=2016  field=opm_percentage  computed=30.04%  source=899.0 (absolute Cr in source)  note=Financials sector: source stores OPM as absolute operating profit in Cr, not as a percentage.  Computed value uses standard formula (OP/Sales × 100).
[DATA_SOURCE_ISSUE]  ts=2026-06-27 16:32:46  company=CHOLAFIN  year=2017  field=opm_percentage  computed=28.16%  source=1143.0 (absolute Cr in source)  note=Financials sector: source stores OPM as absolute operating profit in Cr, not as a percentage.  Computed value uses standard formula (OP/Sales × 100).
[DATA_SOURCE_ISSUE]  ts=2026-06-27 16:32:46  company=CHOLAFIN  year=2018  field=opm_percentage  computed=26.10%  source=1451.0 (absolute Cr in source)  note=Financials sector: source stores OPM as absolute operating profit in Cr, not as a percentage.  Computed value uses standard formula (OP/Sales × 100).
[DATA_SOURCE_ISSUE]  ts=2026-06-27 16:32:46  company=CHOLAFIN  year=2019  field=opm_percentage  computed=22.96%  source=1888.0 (absolute Cr in source)  note=Financials sector: source stores OPM as absolute operating profit in Cr, not as a percentage.  Computed value uses standard formula (OP/Sales × 100).
[DATA_SOURCE_ISSUE]  ts=2026-06-27 16:32:46  company=CHOLAFIN  year=2020  field=opm_percentage  computed=27.79%  source=1699.0 (absolute Cr in source)  note=Financials sector: source stores OPM as absolute operating profit in Cr, not as a percentage.  Computed value uses standard formula (OP/Sales × 100).
[DATA_SOURCE_ISSUE]  ts=2026-06-27 16:32:46  company=CHOLAFIN  year=2021  field=opm_percentage  computed=30.40%  source=2094.0 (absolute Cr in source)  note=Financials sector: source stores OPM as absolute operating profit in Cr, not as a percentage.  Computed value uses standard formula (OP/Sales × 100).
[DATA_SOURCE_ISSUE]  ts=2026-06-27 16:32:46  company=CHOLAFIN  year=2022  field=opm_percentage  computed=28.83%  source=2924.0 (absolute Cr in source)  note=Financials sector: source stores OPM as absolute operating profit in Cr, not as a percentage.  Computed value uses standard formula (OP/Sales × 100).
[DATA_SOURCE_ISSUE]  ts=2026-06-27 16:32:46  company=CHOLAFIN  year=2023  field=opm_percentage  computed=28.10%  source=3515.0 (absolute Cr in source)  note=Financials sector: source stores OPM as absolute operating profit in Cr, not as a percentage.  Computed value uses standard formula (OP/Sales × 100).
[DATA_SOURCE_ISSUE]  ts=2026-06-27 16:32:46  company=CHOLAFIN  year=2024  field=opm_percentage  computed=28.10%  source=4548.0 (absolute Cr in source)  note=Financials sector: source stores OPM as absolute operating profit in Cr, not as a percentage.  Computed value uses standard formula (OP/Sales × 100).
[DATA_SOURCE_ISSUE]  ts=2026-06-27 16:32:46  company=HDFCBANK  year=2013  field=opm_percentage  computed=35.22%  source=3534.0 (absolute Cr in source)  note=Financials sector: source stores OPM as absolute operating profit in Cr, not as a percentage.  Computed value uses standard formula (OP/Sales × 100).
[DATA_SOURCE_ISSUE]  ts=2026-06-27 16:32:46  company=HDFCBANK  year=2014  field=opm_percentage  computed=31.74%  source=5602.0 (absolute Cr in source)  note=Financials sector: source stores OPM as absolute operating profit in Cr, not as a percentage.  Computed value uses standard formula (OP/Sales × 100).
[DATA_SOURCE_ISSUE]  ts=2026-06-27 16:32:46  company=HDFCBANK  year=2015  field=opm_percentage  computed=31.90%  source=7214.0 (absolute Cr in source)  note=Financials sector: source stores OPM as absolute operating profit in Cr, not as a percentage.  Computed value uses standard formula (OP/Sales × 100).
[DATA_SOURCE_ISSUE]  ts=2026-06-27 16:32:46  company=HDFCBANK  year=2016  field=opm_percentage  computed=31.75%  source=9037.0 (absolute Cr in source)  note=Financials sector: source stores OPM as absolute operating profit in Cr, not as a percentage.  Computed value uses standard formula (OP/Sales × 100).
[DATA_SOURCE_ISSUE]  ts=2026-06-27 16:32:46  company=HDFCBANK  year=2017  field=opm_percentage  computed=32.56%  source=11374.0 (absolute Cr in source)  note=Financials sector: source stores OPM as absolute operating profit in Cr, not as a percentage.  Computed value uses standard formula (OP/Sales × 100).
[DATA_SOURCE_ISSUE]  ts=2026-06-27 16:32:46  company=HDFCBANK  year=2018  field=opm_percentage  computed=34.63%  source=13374.0 (absolute Cr in source)  note=Financials sector: source stores OPM as absolute operating profit in Cr, not as a percentage.  Computed value uses standard formula (OP/Sales × 100).
[DATA_SOURCE_ISSUE]  ts=2026-06-27 16:32:46  company=HDFCBANK  year=2019  field=opm_percentage  computed=33.15%  source=16592.0 (absolute Cr in source)  note=Financials sector: source stores OPM as absolute operating profit in Cr, not as a percentage.  Computed value uses standard formula (OP/Sales × 100).
[DATA_SOURCE_ISSUE]  ts=2026-06-27 16:32:46  company=HDFCBANK  year=2020  field=opm_percentage  computed=37.20%  source=14593.0 (absolute Cr in source)  note=Financials sector: source stores OPM as absolute operating profit in Cr, not as a percentage.  Computed value uses standard formula (OP/Sales × 100).
[DATA_SOURCE_ISSUE]  ts=2026-06-27 16:32:46  company=HDFCBANK  year=2021  field=opm_percentage  computed=40.81%  source=16848.0 (absolute Cr in source)  note=Financials sector: source stores OPM as absolute operating profit in Cr, not as a percentage.  Computed value uses standard formula (OP/Sales × 100).
[DATA_SOURCE_ISSUE]  ts=2026-06-27 16:32:46  company=HDFCBANK  year=2022  field=opm_percentage  computed=41.61%  source=20795.0 (absolute Cr in source)  note=Financials sector: source stores OPM as absolute operating profit in Cr, not as a percentage.  Computed value uses standard formula (OP/Sales × 100).
[DATA_SOURCE_ISSUE]  ts=2026-06-27 16:32:46  company=HDFCBANK  year=2023  field=opm_percentage  computed=36.92%  source=29932.0 (absolute Cr in source)  note=Financials sector: source stores OPM as absolute operating profit in Cr, not as a percentage.  Computed value uses standard formula (OP/Sales × 100).
[DATA_SOURCE_ISSUE]  ts=2026-06-27 16:32:46  company=HDFCBANK  year=2024  field=opm_percentage  computed=61.41%  source=-44685.0 (absolute Cr in source)  note=Financials sector: source stores OPM as absolute operating profit in Cr, not as a percentage.  Computed value uses standard formula (OP/Sales × 100).
[DATA_SOURCE_ISSUE]  ts=2026-06-27 16:32:46  company=HDFCLIFE  year=2013  field=opm_percentage  computed=96.27%  source=525.0 (absolute Cr in source)  note=Financials sector: source stores OPM as absolute operating profit in Cr, not as a percentage.  Computed value uses standard formula (OP/Sales × 100).
[DATA_SOURCE_ISSUE]  ts=2026-06-27 16:32:46  company=HDFCLIFE  year=2014  field=opm_percentage  computed=96.48%  source=605.0 (absolute Cr in source)  note=Financials sector: source stores OPM as absolute operating profit in Cr, not as a percentage.  Computed value uses standard formula (OP/Sales × 100).
[DATA_SOURCE_ISSUE]  ts=2026-06-27 16:32:46  company=HDFCLIFE  year=2015  field=opm_percentage  computed=96.79%  source=874.0 (absolute Cr in source)  note=Financials sector: source stores OPM as absolute operating profit in Cr, not as a percentage.  Computed value uses standard formula (OP/Sales × 100).
[DATA_SOURCE_ISSUE]  ts=2026-06-27 16:32:46  company=HDFCLIFE  year=2016  field=opm_percentage  computed=94.74%  source=953.0 (absolute Cr in source)  note=Financials sector: source stores OPM as absolute operating profit in Cr, not as a percentage.  Computed value uses standard formula (OP/Sales × 100).
[DATA_SOURCE_ISSUE]  ts=2026-06-27 16:32:46  company=HDFCLIFE  year=2017  field=opm_percentage  computed=96.83%  source=972.0 (absolute Cr in source)  note=Financials sector: source stores OPM as absolute operating profit in Cr, not as a percentage.  Computed value uses standard formula (OP/Sales × 100).
[DATA_SOURCE_ISSUE]  ts=2026-06-27 16:32:46  company=HDFCLIFE  year=2018  field=opm_percentage  computed=96.67%  source=1074.0 (absolute Cr in source)  note=Financials sector: source stores OPM as absolute operating profit in Cr, not as a percentage.  Computed value uses standard formula (OP/Sales × 100).
[DATA_SOURCE_ISSUE]  ts=2026-06-27 16:32:46  company=HDFCLIFE  year=2019  field=opm_percentage  computed=96.87%  source=1215.0 (absolute Cr in source)  note=Financials sector: source stores OPM as absolute operating profit in Cr, not as a percentage.  Computed value uses standard formula (OP/Sales × 100).
[DATA_SOURCE_ISSUE]  ts=2026-06-27 16:32:46  company=HDFCLIFE  year=2020  field=opm_percentage  computed=96.12%  source=1141.0 (absolute Cr in source)  note=Financials sector: source stores OPM as absolute operating profit in Cr, not as a percentage.  Computed value uses standard formula (OP/Sales × 100).
[DATA_SOURCE_ISSUE]  ts=2026-06-27 16:32:46  company=HDFCLIFE  year=2021  field=opm_percentage  computed=98.27%  source=1235.0 (absolute Cr in source)  note=Financials sector: source stores OPM as absolute operating profit in Cr, not as a percentage.  Computed value uses standard formula (OP/Sales × 100).
[DATA_SOURCE_ISSUE]  ts=2026-06-27 16:32:46  company=HDFCLIFE  year=2022  field=opm_percentage  computed=98.84%  source=778.0 (absolute Cr in source)  note=Financials sector: source stores OPM as absolute operating profit in Cr, not as a percentage.  Computed value uses standard formula (OP/Sales × 100).
[DATA_SOURCE_ISSUE]  ts=2026-06-27 16:32:46  company=HDFCLIFE  year=2023  field=opm_percentage  computed=99.89%  source=80.0 (absolute Cr in source)  note=Financials sector: source stores OPM as absolute operating profit in Cr, not as a percentage.  Computed value uses standard formula (OP/Sales × 100).
[DATA_SOURCE_ISSUE]  ts=2026-06-27 16:32:46  company=HDFCLIFE  year=2024  field=opm_percentage  computed=99.48%  source=531.0 (absolute Cr in source)  note=Financials sector: source stores OPM as absolute operating profit in Cr, not as a percentage.  Computed value uses standard formula (OP/Sales × 100).
[DATA_SOURCE_ISSUE]  ts=2026-06-27 16:32:46  company=ICICIBANK  year=2013  field=opm_percentage  computed=70.59%  source=-15085.0 (absolute Cr in source)  note=Financials sector: source stores OPM as absolute operating profit in Cr, not as a percentage.  Computed value uses standard formula (OP/Sales × 100).
[DATA_SOURCE_ISSUE]  ts=2026-06-27 16:32:46  company=ICICIBANK  year=2014  field=opm_percentage  computed=66.40%  source=-13084.0 (absolute Cr in source)  note=Financials sector: source stores OPM as absolute operating profit in Cr, not as a percentage.  Computed value uses standard formula (OP/Sales × 100).
[DATA_SOURCE_ISSUE]  ts=2026-06-27 16:32:46  company=ICICIBANK  year=2015  field=opm_percentage  computed=70.53%  source=-16120.0 (absolute Cr in source)  note=Financials sector: source stores OPM as absolute operating profit in Cr, not as a percentage.  Computed value uses standard formula (OP/Sales × 100).
[DATA_SOURCE_ISSUE]  ts=2026-06-27 16:32:46  company=ICICIBANK  year=2016  field=opm_percentage  computed=88.12%  source=-26955.0 (absolute Cr in source)  note=Financials sector: source stores OPM as absolute operating profit in Cr, not as a percentage.  Computed value uses standard formula (OP/Sales × 100).
[DATA_SOURCE_ISSUE]  ts=2026-06-27 16:32:46  company=ICICIBANK  year=2017  field=opm_percentage  computed=104.76%  source=-37737.0 (absolute Cr in source)  note=Financials sector: source stores OPM as absolute operating profit in Cr, not as a percentage.  Computed value uses standard formula (OP/Sales × 100).
[DATA_SOURCE_ISSUE]  ts=2026-06-27 16:32:46  company=ICICIBANK  year=2018  field=opm_percentage  computed=117.12%  source=-44906.0 (absolute Cr in source)  note=Financials sector: source stores OPM as absolute operating profit in Cr, not as a percentage.  Computed value uses standard formula (OP/Sales × 100).
[DATA_SOURCE_ISSUE]  ts=2026-06-27 16:32:46  company=ICICIBANK  year=2019  field=opm_percentage  computed=116.38%  source=-50971.0 (absolute Cr in source)  note=Financials sector: source stores OPM as absolute operating profit in Cr, not as a percentage.  Computed value uses standard formula (OP/Sales × 100).
[DATA_SOURCE_ISSUE]  ts=2026-06-27 16:32:46  company=ICICIBANK  year=2020  field=opm_percentage  computed=100.62%  source=-45190.0 (absolute Cr in source)  note=Financials sector: source stores OPM as absolute operating profit in Cr, not as a percentage.  Computed value uses standard formula (OP/Sales × 100).
[DATA_SOURCE_ISSUE]  ts=2026-06-27 16:32:46  company=ICICIBANK  year=2021  field=opm_percentage  computed=102.41%  source=-44805.0 (absolute Cr in source)  note=Financials sector: source stores OPM as absolute operating profit in Cr, not as a percentage.  Computed value uses standard formula (OP/Sales × 100).
[DATA_SOURCE_ISSUE]  ts=2026-06-27 16:32:46  company=ICICIBANK  year=2022  field=opm_percentage  computed=84.69%  source=-26558.0 (absolute Cr in source)  note=Financials sector: source stores OPM as absolute operating profit in Cr, not as a percentage.  Computed value uses standard formula (OP/Sales × 100).
[DATA_SOURCE_ISSUE]  ts=2026-06-27 16:32:46  company=ICICIBANK  year=2023  field=opm_percentage  computed=72.57%  source=-17341.0 (absolute Cr in source)  note=Financials sector: source stores OPM as absolute operating profit in Cr, not as a percentage.  Computed value uses standard formula (OP/Sales × 100).
[DATA_SOURCE_ISSUE]  ts=2026-06-27 16:32:46  company=ICICIBANK  year=2024  field=opm_percentage  computed=62.41%  source=-14152.0 (absolute Cr in source)  note=Financials sector: source stores OPM as absolute operating profit in Cr, not as a percentage.  Computed value uses standard formula (OP/Sales × 100).
[DATA_SOURCE_ISSUE]  ts=2026-06-27 16:32:46  company=ICICIGI  year=2013  field=opm_percentage  computed=104.46%  source=-178.0 (absolute Cr in source)  note=Financials sector: source stores OPM as absolute operating profit in Cr, not as a percentage.  Computed value uses standard formula (OP/Sales × 100).
[DATA_SOURCE_ISSUE]  ts=2026-06-27 16:32:46  company=ICICIGI  year=2014  field=opm_percentage  computed=105.19%  source=-225.0 (absolute Cr in source)  note=Financials sector: source stores OPM as absolute operating profit in Cr, not as a percentage.  Computed value uses standard formula (OP/Sales × 100).
[DATA_SOURCE_ISSUE]  ts=2026-06-27 16:32:46  company=ICICIGI  year=2015  field=opm_percentage  computed=105.24%  source=-221.0 (absolute Cr in source)  note=Financials sector: source stores OPM as absolute operating profit in Cr, not as a percentage.  Computed value uses standard formula (OP/Sales × 100).
[DATA_SOURCE_ISSUE]  ts=2026-06-27 16:32:46  company=ICICIGI  year=2016  field=opm_percentage  computed=87.34%  source=764.0 (absolute Cr in source)  note=Financials sector: source stores OPM as absolute operating profit in Cr, not as a percentage.  Computed value uses standard formula (OP/Sales × 100).
[DATA_SOURCE_ISSUE]  ts=2026-06-27 16:32:46  company=ICICIGI  year=2017  field=opm_percentage  computed=87.78%  source=919.0 (absolute Cr in source)  note=Financials sector: source stores OPM as absolute operating profit in Cr, not as a percentage.  Computed value uses standard formula (OP/Sales × 100).
[DATA_SOURCE_ISSUE]  ts=2026-06-27 16:32:46  company=ICICIGI  year=2018  field=opm_percentage  computed=103.79%  source=-262.0 (absolute Cr in source)  note=Financials sector: source stores OPM as absolute operating profit in Cr, not as a percentage.  Computed value uses standard formula (OP/Sales × 100).
[DATA_SOURCE_ISSUE]  ts=2026-06-27 16:32:46  company=ICICIGI  year=2019  field=opm_percentage  computed=85.05%  source=1669.0 (absolute Cr in source)  note=Financials sector: source stores OPM as absolute operating profit in Cr, not as a percentage.  Computed value uses standard formula (OP/Sales × 100).
[DATA_SOURCE_ISSUE]  ts=2026-06-27 16:32:46  company=ICICIGI  year=2020  field=opm_percentage  computed=84.61%  source=1772.0 (absolute Cr in source)  note=Financials sector: source stores OPM as absolute operating profit in Cr, not as a percentage.  Computed value uses standard formula (OP/Sales × 100).
[DATA_SOURCE_ISSUE]  ts=2026-06-27 16:32:46  company=ICICIGI  year=2021  field=opm_percentage  computed=82.97%  source=2072.0 (absolute Cr in source)  note=Financials sector: source stores OPM as absolute operating profit in Cr, not as a percentage.  Computed value uses standard formula (OP/Sales × 100).
[DATA_SOURCE_ISSUE]  ts=2026-06-27 16:32:46  company=ICICIGI  year=2022  field=opm_percentage  computed=93.66%  source=1016.0 (absolute Cr in source)  note=Financials sector: source stores OPM as absolute operating profit in Cr, not as a percentage.  Computed value uses standard formula (OP/Sales × 100).
[DATA_SOURCE_ISSUE]  ts=2026-06-27 16:32:46  company=ICICIGI  year=2023  field=opm_percentage  computed=92.93%  source=1264.0 (absolute Cr in source)  note=Financials sector: source stores OPM as absolute operating profit in Cr, not as a percentage.  Computed value uses standard formula (OP/Sales × 100).
[DATA_SOURCE_ISSUE]  ts=2026-06-27 16:32:46  company=ICICIGI  year=2024  field=opm_percentage  computed=87.42%  source=2577.0 (absolute Cr in source)  note=Financials sector: source stores OPM as absolute operating profit in Cr, not as a percentage.  Computed value uses standard formula (OP/Sales × 100).
[DATA_SOURCE_ISSUE]  ts=2026-06-27 16:32:46  company=ICICIPRULI  year=2013  field=opm_percentage  computed=96.28%  source=745.0 (absolute Cr in source)  note=Financials sector: source stores OPM as absolute operating profit in Cr, not as a percentage.  Computed value uses standard formula (OP/Sales × 100).
[DATA_SOURCE_ISSUE]  ts=2026-06-27 16:32:46  company=ICICIPRULI  year=2014  field=opm_percentage  computed=93.13%  source=1504.0 (absolute Cr in source)  note=Financials sector: source stores OPM as absolute operating profit in Cr, not as a percentage.  Computed value uses standard formula (OP/Sales × 100).
[DATA_SOURCE_ISSUE]  ts=2026-06-27 16:32:46  company=ICICIPRULI  year=2015  field=opm_percentage  computed=95.20%  source=1655.0 (absolute Cr in source)  note=Financials sector: source stores OPM as absolute operating profit in Cr, not as a percentage.  Computed value uses standard formula (OP/Sales × 100).
[DATA_SOURCE_ISSUE]  ts=2026-06-27 16:32:46  company=ICICIPRULI  year=2016  field=opm_percentage  computed=91.17%  source=1842.0 (absolute Cr in source)  note=Financials sector: source stores OPM as absolute operating profit in Cr, not as a percentage.  Computed value uses standard formula (OP/Sales × 100).
[DATA_SOURCE_ISSUE]  ts=2026-06-27 16:32:46  company=ICICIPRULI  year=2017  field=opm_percentage  computed=95.22%  source=1806.0 (absolute Cr in source)  note=Financials sector: source stores OPM as absolute operating profit in Cr, not as a percentage.  Computed value uses standard formula (OP/Sales × 100).
[DATA_SOURCE_ISSUE]  ts=2026-06-27 16:32:46  company=ICICIPRULI  year=2018  field=opm_percentage  computed=95.44%  source=1771.0 (absolute Cr in source)  note=Financials sector: source stores OPM as absolute operating profit in Cr, not as a percentage.  Computed value uses standard formula (OP/Sales × 100).
[DATA_SOURCE_ISSUE]  ts=2026-06-27 16:32:46  company=ICICIPRULI  year=2019  field=opm_percentage  computed=98.70%  source=541.0 (absolute Cr in source)  note=Financials sector: source stores OPM as absolute operating profit in Cr, not as a percentage.  Computed value uses standard formula (OP/Sales × 100).
[DATA_SOURCE_ISSUE]  ts=2026-06-27 16:32:46  company=ICICIPRULI  year=2020  field=opm_percentage  computed=101.52%  source=-319.0 (absolute Cr in source)  note=Financials sector: source stores OPM as absolute operating profit in Cr, not as a percentage.  Computed value uses standard formula (OP/Sales × 100).
[DATA_SOURCE_ISSUE]  ts=2026-06-27 16:32:46  company=ICICIPRULI  year=2021  field=opm_percentage  computed=100.47%  source=-390.0 (absolute Cr in source)  note=Financials sector: source stores OPM as absolute operating profit in Cr, not as a percentage.  Computed value uses standard formula (OP/Sales × 100).
[DATA_SOURCE_ISSUE]  ts=2026-06-27 16:32:46  company=ICICIPRULI  year=2022  field=opm_percentage  computed=103.40%  source=-2163.0 (absolute Cr in source)  note=Financials sector: source stores OPM as absolute operating profit in Cr, not as a percentage.  Computed value uses standard formula (OP/Sales × 100).
[DATA_SOURCE_ISSUE]  ts=2026-06-27 16:32:46  company=ICICIPRULI  year=2023  field=opm_percentage  computed=103.48%  source=-1757.0 (absolute Cr in source)  note=Financials sector: source stores OPM as absolute operating profit in Cr, not as a percentage.  Computed value uses standard formula (OP/Sales × 100).
[DATA_SOURCE_ISSUE]  ts=2026-06-27 16:32:46  company=ICICIPRULI  year=2024  field=opm_percentage  computed=102.03%  source=-1829.0 (absolute Cr in source)  note=Financials sector: source stores OPM as absolute operating profit in Cr, not as a percentage.  Computed value uses standard formula (OP/Sales × 100).
[DATA_SOURCE_ISSUE]  ts=2026-06-27 16:32:46  company=INDUSINDBK  year=2013  field=opm_percentage  computed=27.88%  source=286.0 (absolute Cr in source)  note=Financials sector: source stores OPM as absolute operating profit in Cr, not as a percentage.  Computed value uses standard formula (OP/Sales × 100).
[DATA_SOURCE_ISSUE]  ts=2026-06-27 16:32:46  company=INDUSINDBK  year=2014  field=opm_percentage  computed=30.95%  source=335.0 (absolute Cr in source)  note=Financials sector: source stores OPM as absolute operating profit in Cr, not as a percentage.  Computed value uses standard formula (OP/Sales × 100).
[DATA_SOURCE_ISSUE]  ts=2026-06-27 16:32:46  company=INDUSINDBK  year=2015  field=opm_percentage  computed=32.33%  source=288.0 (absolute Cr in source)  note=Financials sector: source stores OPM as absolute operating profit in Cr, not as a percentage.  Computed value uses standard formula (OP/Sales × 100).
[DATA_SOURCE_ISSUE]  ts=2026-06-27 16:32:46  company=INDUSINDBK  year=2016  field=opm_percentage  computed=35.28%  source=329.0 (absolute Cr in source)  note=Financials sector: source stores OPM as absolute operating profit in Cr, not as a percentage.  Computed value uses standard formula (OP/Sales × 100).
[DATA_SOURCE_ISSUE]  ts=2026-06-27 16:32:46  company=INDUSINDBK  year=2017  field=opm_percentage  computed=39.46%  source=379.0 (absolute Cr in source)  note=Financials sector: source stores OPM as absolute operating profit in Cr, not as a percentage.  Computed value uses standard formula (OP/Sales × 100).
[DATA_SOURCE_ISSUE]  ts=2026-06-27 16:32:46  company=INDUSINDBK  year=2018  field=opm_percentage  computed=37.93%  source=942.0 (absolute Cr in source)  note=Financials sector: source stores OPM as absolute operating profit in Cr, not as a percentage.  Computed value uses standard formula (OP/Sales × 100).
[DATA_SOURCE_ISSUE]  ts=2026-06-27 16:32:46  company=INDUSINDBK  year=2019  field=opm_percentage  computed=41.70%  source=-437.0 (absolute Cr in source)  note=Financials sector: source stores OPM as absolute operating profit in Cr, not as a percentage.  Computed value uses standard formula (OP/Sales × 100).
[DATA_SOURCE_ISSUE]  ts=2026-06-27 16:32:46  company=INDUSINDBK  year=2020  field=opm_percentage  computed=43.81%  source=-553.0 (absolute Cr in source)  note=Financials sector: source stores OPM as absolute operating profit in Cr, not as a percentage.  Computed value uses standard formula (OP/Sales × 100).
[DATA_SOURCE_ISSUE]  ts=2026-06-27 16:32:46  company=INDUSINDBK  year=2021  field=opm_percentage  computed=55.16%  source=-2469.0 (absolute Cr in source)  note=Financials sector: source stores OPM as absolute operating profit in Cr, not as a percentage.  Computed value uses standard formula (OP/Sales × 100).
[DATA_SOURCE_ISSUE]  ts=2026-06-27 16:32:46  company=INDUSINDBK  year=2022  field=opm_percentage  computed=51.39%  source=-839.0 (absolute Cr in source)  note=Financials sector: source stores OPM as absolute operating profit in Cr, not as a percentage.  Computed value uses standard formula (OP/Sales × 100).
[DATA_SOURCE_ISSUE]  ts=2026-06-27 16:32:46  company=INDUSINDBK  year=2023  field=opm_percentage  computed=42.69%  source=2067.0 (absolute Cr in source)  note=Financials sector: source stores OPM as absolute operating profit in Cr, not as a percentage.  Computed value uses standard formula (OP/Sales × 100).
[DATA_SOURCE_ISSUE]  ts=2026-06-27 16:32:46  company=INDUSINDBK  year=2024  field=opm_percentage  computed=38.55%  source=2978.0 (absolute Cr in source)  note=Financials sector: source stores OPM as absolute operating profit in Cr, not as a percentage.  Computed value uses standard formula (OP/Sales × 100).
[DATA_SOURCE_ISSUE]  ts=2026-06-27 16:32:46  company=JIOFIN  year=2023  field=opm_percentage  computed=86.67%  source=88.0 (absolute Cr in source)  note=Financials sector: source stores OPM as absolute operating profit in Cr, not as a percentage.  Computed value uses standard formula (OP/Sales × 100).
[DATA_SOURCE_ISSUE]  ts=2026-06-27 16:32:46  company=KOTAKBANK  year=2013  field=opm_percentage  computed=60.92%  source=-1789.0 (absolute Cr in source)  note=Financials sector: source stores OPM as absolute operating profit in Cr, not as a percentage.  Computed value uses standard formula (OP/Sales × 100).
[DATA_SOURCE_ISSUE]  ts=2026-06-27 16:32:46  company=KOTAKBANK  year=2014  field=opm_percentage  computed=58.84%  source=-1379.0 (absolute Cr in source)  note=Financials sector: source stores OPM as absolute operating profit in Cr, not as a percentage.  Computed value uses standard formula (OP/Sales × 100).
[DATA_SOURCE_ISSUE]  ts=2026-06-27 16:32:46  company=KOTAKBANK  year=2015  field=opm_percentage  computed=72.96%  source=-3366.0 (absolute Cr in source)  note=Financials sector: source stores OPM as absolute operating profit in Cr, not as a percentage.  Computed value uses standard formula (OP/Sales × 100).
[DATA_SOURCE_ISSUE]  ts=2026-06-27 16:32:46  company=KOTAKBANK  year=2016  field=opm_percentage  computed=56.57%  source=-2263.0 (absolute Cr in source)  note=Financials sector: source stores OPM as absolute operating profit in Cr, not as a percentage.  Computed value uses standard formula (OP/Sales × 100).
[DATA_SOURCE_ISSUE]  ts=2026-06-27 16:32:46  company=KOTAKBANK  year=2017  field=opm_percentage  computed=66.44%  source=-3965.0 (absolute Cr in source)  note=Financials sector: source stores OPM as absolute operating profit in Cr, not as a percentage.  Computed value uses standard formula (OP/Sales × 100).
[DATA_SOURCE_ISSUE]  ts=2026-06-27 16:32:46  company=KOTAKBANK  year=2018  field=opm_percentage  computed=66.87%  source=-4141.0 (absolute Cr in source)  note=Financials sector: source stores OPM as absolute operating profit in Cr, not as a percentage.  Computed value uses standard formula (OP/Sales × 100).
[DATA_SOURCE_ISSUE]  ts=2026-06-27 16:32:46  company=KOTAKBANK  year=2019  field=opm_percentage  computed=66.23%  source=-5114.0 (absolute Cr in source)  note=Financials sector: source stores OPM as absolute operating profit in Cr, not as a percentage.  Computed value uses standard formula (OP/Sales × 100).
[DATA_SOURCE_ISSUE]  ts=2026-06-27 16:32:46  company=KOTAKBANK  year=2020  field=opm_percentage  computed=67.45%  source=-5005.0 (absolute Cr in source)  note=Financials sector: source stores OPM as absolute operating profit in Cr, not as a percentage.  Computed value uses standard formula (OP/Sales × 100).
[DATA_SOURCE_ISSUE]  ts=2026-06-27 16:32:46  company=KOTAKBANK  year=2021  field=opm_percentage  computed=90.83%  source=-9958.0 (absolute Cr in source)  note=Financials sector: source stores OPM as absolute operating profit in Cr, not as a percentage.  Computed value uses standard formula (OP/Sales × 100).
[DATA_SOURCE_ISSUE]  ts=2026-06-27 16:32:46  company=KOTAKBANK  year=2022  field=opm_percentage  computed=90.98%  source=-8512.0 (absolute Cr in source)  note=Financials sector: source stores OPM as absolute operating profit in Cr, not as a percentage.  Computed value uses standard formula (OP/Sales × 100).
[DATA_SOURCE_ISSUE]  ts=2026-06-27 16:32:46  company=KOTAKBANK  year=2023  field=opm_percentage  computed=79.44%  source=-5746.0 (absolute Cr in source)  note=Financials sector: source stores OPM as absolute operating profit in Cr, not as a percentage.  Computed value uses standard formula (OP/Sales × 100).
[DATA_SOURCE_ISSUE]  ts=2026-06-27 16:32:46  company=KOTAKBANK  year=2024  field=opm_percentage  computed=83.67%  source=-13382.0 (absolute Cr in source)  note=Financials sector: source stores OPM as absolute operating profit in Cr, not as a percentage.  Computed value uses standard formula (OP/Sales × 100).
OPM data-source issues logged: 143 rows across 13 Financials companies
[DATA_SOURCE_ISSUE]  ts=2026-06-27 16:32:46  company=ADANIGREEN  year=2024  field=return_on_capital_employed_pct  computed=8.94%  source=96.50%  note=Large gap suggests source uses a different capital base (e.g. average capital employed vs year-end, or excludes goodwill).
[FORMULA_DISCREPANCY]  ts=2026-06-27 16:32:46  company=ASIANPAINT  year=2024  field=return_on_capital_employed_pct  computed=35.62%  source=41.75%  note=Minor formula discrepancy — possible rounding or different treatment of CWIP in capital base.
[DATA_SOURCE_ISSUE]  ts=2026-06-27 16:32:46  company=AXISBANK  year=2024  field=return_on_capital_employed_pct  computed=35.35%  source=7.06%  note=Large gap suggests source uses a different capital base (e.g. average capital employed vs year-end, or excludes goodwill).
[DATA_SOURCE_ISSUE]  ts=2026-06-27 16:32:46  company=BAJAJFINSV  year=2024  field=return_on_capital_employed_pct  computed=66.27%  source=21.14%  note=Large gap suggests source uses a different capital base (e.g. average capital employed vs year-end, or excludes goodwill).
[VERSION_DIFFERENCE]  ts=2026-06-27 16:32:46  company=BAJFINANCE  year=2024  field=return_on_capital_employed_pct  computed=25.19%  source=11.90%  note=Moderate gap — source may use average capital employed or a trailing-twelve-month period vs fiscal year.
[DATA_SOURCE_ISSUE]  ts=2026-06-27 16:32:46  company=BANKBARODA  year=2024  field=return_on_capital_employed_pct  computed=41.10%  source=6.33%  note=Large gap suggests source uses a different capital base (e.g. average capital employed vs year-end, or excludes goodwill).
[DATA_SOURCE_ISSUE]  ts=2026-06-27 16:32:46  company=BEL  year=2024  field=return_on_capital_employed_pct  computed=4155.91%  source=34.60%  note=Large gap suggests source uses a different capital base (e.g. average capital employed vs year-end, or excludes goodwill).
[FORMULA_DISCREPANCY]  ts=2026-06-27 16:32:46  company=BOSCHLTD  year=2024  field=return_on_capital_employed_pct  computed=26.70%  source=20.60%  note=Minor formula discrepancy — possible rounding or different treatment of CWIP in capital base.
[DATA_SOURCE_ISSUE]  ts=2026-06-27 16:32:46  company=CANBK  year=2024  field=return_on_capital_employed_pct  computed=52.80%  source=6.63%  note=Large gap suggests source uses a different capital base (e.g. average capital employed vs year-end, or excludes goodwill).
[VERSION_DIFFERENCE]  ts=2026-06-27 16:32:46  company=CHOLAFIN  year=2024  field=return_on_capital_employed_pct  computed=24.80%  source=10.40%  note=Moderate gap — source may use average capital employed or a trailing-twelve-month period vs fiscal year.
[DATA_SOURCE_ISSUE]  ts=2026-06-27 16:32:46  company=GODREJCP  year=2024  field=return_on_capital_employed_pct  computed=3.21%  source=26.49%  note=Large gap suggests source uses a different capital base (e.g. average capital employed vs year-end, or excludes goodwill).
[DATA_SOURCE_ISSUE]  ts=2026-06-27 16:32:46  company=HAL  year=2024  field=return_on_capital_employed_pct  computed=3180.75%  source=38.90%  note=Large gap suggests source uses a different capital base (e.g. average capital employed vs year-end, or excludes goodwill).
[DATA_SOURCE_ISSUE]  ts=2026-06-27 16:32:46  company=HDFCBANK  year=2024  field=return_on_capital_employed_pct  computed=44.02%  source=7.67%  note=Large gap suggests source uses a different capital base (e.g. average capital employed vs year-end, or excludes goodwill).
[DATA_SOURCE_ISSUE]  ts=2026-06-27 16:32:46  company=ICICIBANK  year=2024  field=return_on_capital_employed_pct  computed=53.47%  source=7.60%  note=Large gap suggests source uses a different capital base (e.g. average capital employed vs year-end, or excludes goodwill).
[DATA_SOURCE_ISSUE]  ts=2026-06-27 16:32:46  company=ICICIPRULI  year=2024  field=return_on_capital_employed_pct  computed=36.33%  source=8.75%  note=Large gap suggests source uses a different capital base (e.g. average capital employed vs year-end, or excludes goodwill).
[DATA_SOURCE_ISSUE]  ts=2026-06-27 16:32:46  company=INDIGO  year=2024  field=return_on_capital_employed_pct  computed=1112.55%  source=24.50%  note=Large gap suggests source uses a different capital base (e.g. average capital employed vs year-end, or excludes goodwill).
[DATA_SOURCE_ISSUE]  ts=2026-06-27 16:32:46  company=INDUSINDBK  year=2024  field=return_on_capital_employed_pct  computed=33.97%  source=7.93%  note=Large gap suggests source uses a different capital base (e.g. average capital employed vs year-end, or excludes goodwill).
[FORMULA_DISCREPANCY]  ts=2026-06-27 16:32:46  company=IRCTC  year=2024  field=return_on_capital_employed_pct  computed=46.05%  source=53.80%  note=Minor formula discrepancy — possible rounding or different treatment of CWIP in capital base.
[DATA_SOURCE_ISSUE]  ts=2026-06-27 16:32:46  company=IRFC  year=2024  field=return_on_capital_employed_pct  computed=53.91%  source=5.73%  note=Large gap suggests source uses a different capital base (e.g. average capital employed vs year-end, or excludes goodwill).
[DATA_SOURCE_ISSUE]  ts=2026-06-27 16:32:46  company=KOTAKBANK  year=2024  field=return_on_capital_employed_pct  computed=47.63%  source=7.86%  note=Large gap suggests source uses a different capital base (e.g. average capital employed vs year-end, or excludes goodwill).
[FORMULA_DISCREPANCY]  ts=2026-06-27 16:32:46  company=LICI  year=2024  field=return_on_capital_employed_pct  computed=56.97%  source=63.79%  note=Minor formula discrepancy — possible rounding or different treatment of CWIP in capital base.
[DATA_SOURCE_ISSUE]  ts=2026-06-27 16:32:46  company=LT  year=2024  field=return_on_capital_employed_pct  computed=135.95%  source=17.18%  note=Large gap suggests source uses a different capital base (e.g. average capital employed vs year-end, or excludes goodwill).
[FORMULA_DISCREPANCY]  ts=2026-06-27 16:32:46  company=LTIM  year=2024  field=return_on_capital_employed_pct  computed=28.39%  source=34.10%  note=Minor formula discrepancy — possible rounding or different treatment of CWIP in capital base.
[VERSION_DIFFERENCE]  ts=2026-06-27 16:32:46  company=MM  year=2024  field=return_on_capital_employed_pct  computed=13.42%  source=26.98%  note=Moderate gap — source may use average capital employed or a trailing-twelve-month period vs fiscal year.
[DATA_SOURCE_ISSUE]  ts=2026-06-27 16:32:46  company=NESTLEIND  year=2024  field=return_on_capital_employed_pct  computed=147.46%  source=185.43%  note=Large gap suggests source uses a different capital base (e.g. average capital employed vs year-end, or excludes goodwill).
[DATA_SOURCE_ISSUE]  ts=2026-06-27 16:32:46  company=PFC  year=2024  field=return_on_capital_employed_pct  computed=90.51%  source=9.96%  note=Large gap suggests source uses a different capital base (e.g. average capital employed vs year-end, or excludes goodwill).
[DATA_SOURCE_ISSUE]  ts=2026-06-27 16:32:46  company=PNB  year=2024  field=return_on_capital_employed_pct  computed=553.77%  source=1.63%  note=Large gap suggests source uses a different capital base (e.g. average capital employed vs year-end, or excludes goodwill).
[DATA_SOURCE_ISSUE]  ts=2026-06-27 16:32:46  company=RECLTD  year=2024  field=return_on_capital_employed_pct  computed=69.08%  source=10.00%  note=Large gap suggests source uses a different capital base (e.g. average capital employed vs year-end, or excludes goodwill).
[DATA_SOURCE_ISSUE]  ts=2026-06-27 16:32:46  company=SHRIRAMFIN  year=2024  field=return_on_capital_employed_pct  computed=52.20%  source=11.30%  note=Large gap suggests source uses a different capital base (e.g. average capital employed vs year-end, or excludes goodwill).
[VERSION_DIFFERENCE]  ts=2026-06-27 16:32:46  company=TRENT  year=2024  field=return_on_capital_employed_pct  computed=39.32%  source=23.80%  note=Moderate gap — source may use average capital employed or a trailing-twelve-month period vs fiscal year.
ROCE cross-check anomalies logged: 30
[FORMULA_DISCREPANCY]  ts=2026-06-27 16:32:46  company=ADANIENT  year=2024  field=return_on_equity_pct  computed=8.53%  source=13.64%  note=Minor discrepancy — possible rounding or minority-interest treatment.
[FORMULA_DISCREPANCY]  ts=2026-06-27 16:32:46  company=ADANIPOWER  year=2024  field=return_on_equity_pct  computed=48.28%  source=57.10%  note=Minor discrepancy — possible rounding or minority-interest treatment.
[VERSION_DIFFERENCE]  ts=2026-06-27 16:32:46  company=BAJAJFINSV  year=2024  field=return_on_equity_pct  computed=25.85%  source=11.72%  note=Moderate gap: source may use average equity or a different fiscal period alignment.
[DATA_SOURCE_ISSUE]  ts=2026-06-27 16:32:46  company=BEL  year=2024  field=return_on_equity_pct  computed=4744.05%  source=26.30%  note=Large gap: source may use average equity (opening + closing / 2) vs year-end equity capital + reserves used in our formula.
[FORMULA_DISCREPANCY]  ts=2026-06-27 16:32:46  company=BPCL  year=2024  field=return_on_equity_pct  computed=35.51%  source=41.90%  note=Minor discrepancy — possible rounding or minority-interest treatment.
[FORMULA_DISCREPANCY]  ts=2026-06-27 16:32:46  company=COALINDIA  year=2024  field=return_on_equity_pct  computed=45.17%  source=52.00%  note=Minor discrepancy — possible rounding or minority-interest treatment.
[VERSION_DIFFERENCE]  ts=2026-06-27 16:32:46  company=GODREJCP  year=2024  field=return_on_equity_pct  computed=-4.45%  source=6.77%  note=Moderate gap: source may use average equity or a different fiscal period alignment.
[DATA_SOURCE_ISSUE]  ts=2026-06-27 16:32:46  company=HAL  year=2024  field=return_on_equity_pct  computed=3816.58%  source=28.90%  note=Large gap: source may use average equity (opening + closing / 2) vs year-end equity capital + reserves used in our formula.
[FORMULA_DISCREPANCY]  ts=2026-06-27 16:32:46  company=IRCTC  year=2024  field=return_on_equity_pct  computed=34.40%  source=40.40%  note=Minor discrepancy — possible rounding or minority-interest treatment.
[VERSION_DIFFERENCE]  ts=2026-06-27 16:32:46  company=LICI  year=2024  field=return_on_equity_pct  computed=49.45%  source=63.61%  note=Moderate gap: source may use average equity or a different fiscal period alignment.
[DATA_SOURCE_ISSUE]  ts=2026-06-27 16:32:46  company=LT  year=2024  field=return_on_equity_pct  computed=77.67%  source=10.49%  note=Large gap: source may use average equity (opening + closing / 2) vs year-end equity capital + reserves used in our formula.
[VERSION_DIFFERENCE]  ts=2026-06-27 16:32:46  company=NESTLEIND  year=2024  field=return_on_equity_pct  computed=117.75%  source=135.61%  note=Moderate gap: source may use average equity or a different fiscal period alignment.
[FORMULA_DISCREPANCY]  ts=2026-06-27 16:32:46  company=PFC  year=2024  field=return_on_equity_pct  computed=26.16%  source=19.49%  note=Minor discrepancy — possible rounding or minority-interest treatment.
[DATA_SOURCE_ISSUE]  ts=2026-06-27 16:32:46  company=PNB  year=2024  field=return_on_equity_pct  computed=61.32%  source=8.70%  note=Large gap: source may use average equity (opening + closing / 2) vs year-end equity capital + reserves used in our formula.
[VERSION_DIFFERENCE]  ts=2026-06-27 16:32:46  company=TATAMOTORS  year=2024  field=return_on_equity_pct  computed=37.46%  source=49.40%  note=Moderate gap: source may use average equity or a different fiscal period alignment.
[VERSION_DIFFERENCE]  ts=2026-06-27 16:32:46  company=TATASTEEL  year=2024  field=return_on_equity_pct  computed=-5.33%  source=6.55%  note=Moderate gap: source may use average equity or a different fiscal period alignment.
[DATA_SOURCE_ISSUE]  ts=2026-06-27 16:32:46  company=TCS  year=2024  field=return_on_equity_pct  computed=50.94%  source=0.52%  note=Known anomaly: source shows roe_percentage=0.52 (fraction, not %).  Likely a data-entry error — stored as decimal instead of percentage.
[FORMULA_DISCREPANCY]  ts=2026-06-27 16:32:46  company=TRENT  year=2024  field=return_on_equity_pct  computed=36.31%  source=27.20%  note=Minor discrepancy — possible rounding or minority-interest treatment.
ROE cross-check anomalies logged: 18
----------------------------------------------------------------------
Summary — suppressed_leverage=0  opm_issues=143  roce_anomalies=30  roe_anomalies=18  total=191
Log written → /Users/prabhjotkaur/Desktop/nifty100_capstone/output/ratio_edge_cases.log
